<?xml version="1.0" encoding="utf-8"?><testsuites name="pytest tests"><testsuite name="pytest" errors="0" failures="0" skipped="0" tests="16" time="4.977" timestamp="2026-04-21T17:22:54.541679+00:00" hostname="agent-env-6731e190-8bd9-4e75-a22a-04e545e7a370"><testcase classname="backend.tests.test_viniapp.TestAuth" name="test_register_new_user" time="0.379" /><testcase classname="backend.tests.test_viniapp.TestAuth" name="test_register_duplicate" time="0.488" /><testcase classname="backend.tests.test_viniapp.TestAuth" name="test_login_admin" time="0.353" /><testcase classname="backend.tests.test_viniapp.TestAuth" name="test_login_bad" time="0.352" /><testcase classname="backend.tests.test_viniapp.TestAuth" name="test_me" time="0.118" /><testcase classname="backend.tests.test_viniapp.TestAuth" name="test_me_no_token" time="0.110" /><testcase classname="backend.tests.test_viniapp.TestAuth" name="test_logout" time="0.125" /><testcase classname="backend.tests.test_viniapp.TestAuth" name="test_emergent_session_invalid" time="0.234" /><testcase classname="backend.tests.test_viniapp.TestWineTypes" name="test_get_wine_types" time="0.124" /><testcase classname="backend.tests.test_viniapp.TestWineTypes" name="test_get_wine_types_unauth" time="0.101" /><testcase classname="backend.tests.test_viniapp.TestWineTypes" name="test_create_custom_type" time="0.258" /><testcase classname="backend.tests.test_viniapp.TestWineTypes" name="test_reject_duplicate_default" time="0.139" /><testcase classname="backend.tests.test_viniapp.TestWines" name="test_wines_unauth" time="0.123" /><testcase classname="backend.tests.test_viniapp.TestWines" name="test_create_get_list" time="1.058" /><testcase classname="backend.tests.test_viniapp.TestWines" name="test_get_unknown_wine" time="0.113" /><testcase classname="backend.tests.test_viniapp.TestWines" name="test_user_isolation" time="0.822" /></testsuite></testsuites>